  Lab1.2.cpp
C:\Users\Warper\source\Repos\OP\Term1\Lab1\Lab1.2\Lab1.2\Lab1.2.cpp(13,13): warning C4566: символ, представленный универсальным именем символа "\u0424", невозможно представить в текущей кодовой странице (1252)
C:\Users\Warper\source\Repos\OP\Term1\Lab1\Lab1.2\Lab1.2\Lab1.2.cpp(13,13): warning C4566: символ, представленный универсальным именем символа "\u043E", невозможно представить в текущей кодовой странице (1252)
C:\Users\Warper\source\Repos\OP\Term1\Lab1\Lab1.2\Lab1.2\Lab1.2.cpp(13,13): warning C4566: символ, представленный универсальным именем символа "\u0440", невозможно представить в текущей кодовой странице (1252)
C:\Users\Warper\source\Repos\OP\Term1\Lab1\Lab1.2\Lab1.2\Lab1.2.cpp(13,13): warning C4566: символ, представленный универсальным именем символа "\u043C", невозможно представить в текущей кодовой странице (1252)
C:\Users\Warper\source\Repos\OP\Term1\Lab1\Lab1.2\Lab1.2\Lab1.2.cpp(13,13): warning C4566: символ, представленный универсальным именем символа "\u0443", невозможно представить в текущей кодовой странице (1252)
C:\Users\Warper\source\Repos\OP\Term1\Lab1\Lab1.2\Lab1.2\Lab1.2.cpp(13,13): warning C4566: символ, представленный универсальным именем символа "\u043B", невозможно представить в текущей кодовой странице (1252)
C:\Users\Warper\source\Repos\OP\Term1\Lab1\Lab1.2\Lab1.2\Lab1.2.cpp(13,13): warning C4566: символ, представленный универсальным именем символа "\u0430", невозможно представить в текущей кодовой странице (1252)
C:\Users\Warper\source\Repos\OP\Term1\Lab1\Lab1.2\Lab1.2\Lab1.2.cpp(13,13): warning C4566: символ, представленный универсальным именем символа "\u0434", невозможно представить в текущей кодовой странице (1252)
C:\Users\Warper\source\Repos\OP\Term1\Lab1\Lab1.2\Lab1.2\Lab1.2.cpp(13,13): warning C4566: символ, представленный универсальным именем символа "\u044F", невозможно представить в текущей кодовой странице (1252)
C:\Users\Warper\source\Repos\OP\Term1\Lab1\Lab1.2\Lab1.2\Lab1.2.cpp(13,13): warning C4566: символ, представленный универсальным именем символа "\u0437", невозможно представить в текущей кодовой странице (1252)
C:\Users\Warper\source\Repos\OP\Term1\Lab1\Lab1.2\Lab1.2\Lab1.2.cpp(13,13): warning C4566: символ, представленный универсальным именем символа "\u043D", невозможно представить в текущей кодовой странице (1252)
C:\Users\Warper\source\Repos\OP\Term1\Lab1\Lab1.2\Lab1.2\Lab1.2.cpp(13,13): warning C4566: символ, представленный универсальным именем символа "\u0445", невозможно представить в текущей кодовой странице (1252)
C:\Users\Warper\source\Repos\OP\Term1\Lab1\Lab1.2\Lab1.2\Lab1.2.cpp(13,13): warning C4566: символ, представленный универсальным именем символа "\u0436", невозможно представить в текущей кодовой странице (1252)
C:\Users\Warper\source\Repos\OP\Term1\Lab1\Lab1.2\Lab1.2\Lab1.2.cpp(13,13): warning C4566: символ, представленный универсальным именем символа "\u0435", невозможно представить в текущей кодовой странице (1252)
C:\Users\Warper\source\Repos\OP\Term1\Lab1\Lab1.2\Lab1.2\Lab1.2.cpp(13,13): warning C4566: символ, представленный универсальным именем символа "\u043F", невозможно представить в текущей кодовой странице (1252)
C:\Users\Warper\source\Repos\OP\Term1\Lab1\Lab1.2\Lab1.2\Lab1.2.cpp(13,13): warning C4566: символ, представленный универсальным именем символа "\u0449", невозможно представить в текущей кодовой странице (1252)
C:\Users\Warper\source\Repos\OP\Term1\Lab1\Lab1.2\Lab1.2\Lab1.2.cpp(13,13): warning C4566: символ, представленный универсальным именем символа "\u0456", невозможно представить в текущей кодовой странице (1252)
C:\Users\Warper\source\Repos\OP\Term1\Lab1\Lab1.2\Lab1.2\Lab1.2.cpp(13,13): warning C4566: символ, представленный универсальным именем символа "\u0442", невозможно представить в текущей кодовой странице (1252)
C:\Users\Warper\source\Repos\OP\Term1\Lab1\Lab1.2\Lab1.2\Lab1.2.cpp(13,13): warning C4566: символ, представленный универсальным именем символа "\u0438", невозможно представить в текущей кодовой странице (1252)
C:\Users\Warper\source\Repos\OP\Term1\Lab1\Lab1.2\Lab1.2\Lab1.2.cpp(13,13): warning C4566: символ, представленный универсальным именем символа "\u043A", невозможно представить в текущей кодовой странице (1252)
C:\Users\Warper\source\Repos\OP\Term1\Lab1\Lab1.2\Lab1.2\Lab1.2.cpp(19,21): warning C4566: символ, представленный универсальным именем символа "\u0412", невозможно представить в текущей кодовой странице (1252)
C:\Users\Warper\source\Repos\OP\Term1\Lab1\Lab1.2\Lab1.2\Lab1.2.cpp(19,21): warning C4566: символ, представленный универсальным именем символа "\u0432", невозможно представить в текущей кодовой странице (1252)
C:\Users\Warper\source\Repos\OP\Term1\Lab1\Lab1.2\Lab1.2\Lab1.2.cpp(19,21): warning C4566: символ, представленный универсальным именем символа "\u0435", невозможно представить в текущей кодовой странице (1252)
C:\Users\Warper\source\Repos\OP\Term1\Lab1\Lab1.2\Lab1.2\Lab1.2.cpp(19,21): warning C4566: символ, представленный универсальным именем символа "\u0434", невозможно представить в текущей кодовой странице (1252)
C:\Users\Warper\source\Repos\OP\Term1\Lab1\Lab1.2\Lab1.2\Lab1.2.cpp(19,21): warning C4566: символ, представленный универсальным именем символа "\u0456", невозможно представить в текущей кодовой странице (1252)
C:\Users\Warper\source\Repos\OP\Term1\Lab1\Lab1.2\Lab1.2\Lab1.2.cpp(19,21): warning C4566: символ, представленный универсальным именем символа "\u0442", невозможно представить в текущей кодовой странице (1252)
C:\Users\Warper\source\Repos\OP\Term1\Lab1\Lab1.2\Lab1.2\Lab1.2.cpp(19,21): warning C4566: символ, представленный универсальным именем символа "\u044C", невозможно представить в текущей кодовой странице (1252)
C:\Users\Warper\source\Repos\OP\Term1\Lab1\Lab1.2\Lab1.2\Lab1.2.cpp(19,21): warning C4566: символ, представленный универсальным именем символа "\u043F", невозможно представить в текущей кодовой странице (1252)
C:\Users\Warper\source\Repos\OP\Term1\Lab1\Lab1.2\Lab1.2\Lab1.2.cpp(19,21): warning C4566: символ, представленный универсальным именем символа "\u0440", невозможно представить в текущей кодовой странице (1252)
C:\Users\Warper\source\Repos\OP\Term1\Lab1\Lab1.2\Lab1.2\Lab1.2.cpp(19,21): warning C4566: символ, представленный универсальным именем символа "\u0430", невозможно представить в текущей кодовой странице (1252)
C:\Users\Warper\source\Repos\OP\Term1\Lab1\Lab1.2\Lab1.2\Lab1.2.cpp(19,21): warning C4566: символ, представленный универсальным именем символа "\u0438", невозможно представить в текущей кодовой странице (1252)
C:\Users\Warper\source\Repos\OP\Term1\Lab1\Lab1.2\Lab1.2\Lab1.2.cpp(19,21): warning C4566: символ, представленный универсальным именем символа "\u043B", невозможно представить в текущей кодовой странице (1252)
C:\Users\Warper\source\Repos\OP\Term1\Lab1\Lab1.2\Lab1.2\Lab1.2.cpp(19,21): warning C4566: символ, представленный универсальным именем символа "\u043D", невозможно представить в текущей кодовой странице (1252)
C:\Users\Warper\source\Repos\OP\Term1\Lab1\Lab1.2\Lab1.2\Lab1.2.cpp(19,21): warning C4566: символ, представленный универсальным именем символа "\u0447", невозможно представить в текущей кодовой странице (1252)
C:\Users\Warper\source\Repos\OP\Term1\Lab1\Lab1.2\Lab1.2\Lab1.2.cpp(19,21): warning C4566: символ, представленный универсальным именем символа "\u0441", невозможно представить в текущей кодовой странице (1252)
C:\Users\Warper\source\Repos\OP\Term1\Lab1\Lab1.2\Lab1.2\Lab1.2.cpp(26,12): warning C4244: return: преобразование "double" в "int", возможна потеря данных
  Lab1.2.vcxproj -> C:\Users\Warper\source\Repos\OP\Term1\Lab1\Lab1.2\x64\Debug\Lab1.2.exe
